2013/01/13 11:06:20 [info] [application] [e6f248c6d3304e5b3f54f35fbc472f1f][Guest][] User: Guest (ID: )

$_POST=array (
  'RegistrationForm' => 
  array (
    'nick_name' => 'ishutic',
    'email' => 'ishutic@yahoo.com',
    'password' => '170668',
    'cPassword' => '170668',
    'verifyCode' => 'ounitxu',
  ),
  'yt0' => 'Зарегистрируйтесь бесплатно прямо сейчас!',
)

$_COOKIE=array (
  'PHPSESSID' => 'e6f248c6d3304e5b3f54f35fbc472f1f',
  '__utma' => '56422840.667074675.1358074818.1358074818.1358074818.1',
  '__utmb' => '56422840.7.10.1358074818',
  '__utmc' => '56422840',
  '__utmz' => '56422840.1358074818.1.1.utmgclid=CLTWrveW5bQCFeN4cAod8EsA_g|utmccn=(not set)|utmcmd=(not set)',
)
2013/01/13 11:06:20 [info] [application.modules.user] [e6f248c6d3304e5b3f54f35fbc472f1f][Guest][] A new account created: ishutic without activation!
in /nfs/c09/h01/mnt/130213/domains/bettime.info/html/protected/modules/user/controllers/account/RegistrationAction.php (89)
in /nfs/c09/h01/mnt/130213/domains/bettime.info/html/index.php (11)
2013/01/13 11:06:50 [info] [application] [788f3679be5b60eeacf91700e4e1f47b][ishutic][139] User: ishutic (ID: 139)

$_POST=array (
  'LoginForm' => 
  array (
    'email' => 'ishutic@yahoo.com',
    'password' => '170668',
  ),
  'yt0' => 'Sign in',
)

$_COOKIE=array (
  'PHPSESSID' => 'e6f248c6d3304e5b3f54f35fbc472f1f',
  '__utma' => '56422840.667074675.1358074818.1358074818.1358074818.1',
  '__utmb' => '56422840.9.10.1358074818',
  '__utmc' => '56422840',
  '__utmz' => '56422840.1358074818.1.1.utmgclid=CLTWrveW5bQCFeN4cAod8EsA_g|utmccn=(not set)|utmcmd=(not set)',
)
2013/01/13 11:06:50 [info] [application.modules.user] [788f3679be5b60eeacf91700e4e1f47b][ishutic][139] User ishutic@yahoo.com authorized!
in /nfs/c09/h01/mnt/130213/domains/bettime.info/html/protected/modules/user/controllers/account/LoginAction.php (18)
in /nfs/c09/h01/mnt/130213/domains/bettime.info/html/index.php (11)
2013/01/13 15:47:49 [info] [application] [3a5cd56c48071ad56c9aee852742f18f][Guest][] User: Guest (ID: )

$_POST=array (
  'RegistrationForm' => 
  array (
    'nick_name' => 'seroni',
    'email' => 'seroni91@yandex.ru',
    'password' => '1111111',
    'cPassword' => '1111111',
    'verifyCode' => 'yonujuq',
  ),
  'yt0' => 'Зарегистрируйтесь бесплатно прямо сейчас!',
)

$_COOKIE=array (
  'PHPSESSID' => '3a5cd56c48071ad56c9aee852742f18f',
  '__utma' => '56422840.1155335452.1358091878.1358091878.1358091878.1',
  '__utmb' => '56422840.3.10.1358091878',
  '__utmc' => '56422840',
  '__utmz' => '56422840.1358091878.1.1.utmgclid=COuD3L3W5bQCFfJ2cAodwUoAqg|utmccn=(not set)|utmcmd=(not set)',
)
2013/01/13 15:47:49 [info] [application.modules.user] [3a5cd56c48071ad56c9aee852742f18f][Guest][] A new account created: seroni without activation!
in /nfs/c09/h01/mnt/130213/domains/bettime.info/html/protected/modules/user/controllers/account/RegistrationAction.php (89)
in /nfs/c09/h01/mnt/130213/domains/bettime.info/html/index.php (11)
2013/01/13 15:48:44 [info] [application] [6af56dce90f3921d685c91f8bf244124][seroni][140] User: seroni (ID: 140)

$_POST=array (
  'LoginForm' => 
  array (
    'email' => 'seroni91@yandex.ru',
    'password' => '1111111',
  ),
  'yt0' => 'Войти',
)

$_COOKIE=array (
  'PHPSESSID' => '3a5cd56c48071ad56c9aee852742f18f',
  '__utma' => '56422840.1155335452.1358091878.1358091878.1358091878.1',
  '__utmb' => '56422840.5.10.1358091878',
  '__utmc' => '56422840',
  '__utmz' => '56422840.1358091878.1.1.utmgclid=COuD3L3W5bQCFfJ2cAodwUoAqg|utmccn=(not set)|utmcmd=(not set)',
)
2013/01/13 15:48:44 [info] [application.modules.user] [6af56dce90f3921d685c91f8bf244124][seroni][140] User seroni91@yandex.ru authorized!
in /nfs/c09/h01/mnt/130213/domains/bettime.info/html/protected/modules/user/controllers/account/LoginAction.php (18)
in /nfs/c09/h01/mnt/130213/domains/bettime.info/html/index.php (11)
2013/01/13 16:09:13 [info] [application] [a9dc4b86f4dcbf995df999b7a2a6b853][timlord22][131] User: timlord22 (ID: 131)

$_POST=array (
  'LoginForm' => 
  array (
    'email' => 'lord.tim.22@gmail.com',
    'password' => '32043204',
  ),
  'yt0' => 'Sign in',
)

$_COOKIE=array (
  'PHPSESSID' => '48fd18308f005cf28bfec53ad701a371',
  '__utma' => '56422840.270999799.1356908824.1358022205.1358093176.19',
  '__utmb' => '56422840.2.10.1358093176',
  '__utmc' => '56422840',
  '__utmz' => '56422840.1358093176.19.19.utmcsr=website.informer.com|utmccn=(referral)|utmcmd=referral|utmcct=/visit',
)
2013/01/13 16:09:14 [info] [application.modules.user] [a9dc4b86f4dcbf995df999b7a2a6b853][timlord22][131] User lord.tim.22@gmail.com authorized!
in /nfs/c09/h01/mnt/130213/domains/bettime.info/html/protected/modules/user/controllers/account/LoginAction.php (18)
in /nfs/c09/h01/mnt/130213/domains/bettime.info/html/index.php (11)
2013/01/13 16:48:02 [info] [application] [3184a92d2276a99ffc773ca66913e797][seroni][140] User: seroni (ID: 140)

$_POST=array (
  'LoginForm' => 
  array (
    'email' => 'seroni91@yandex.ru',
    'password' => '1111111',
  ),
  'yt0' => 'Sign in',
)

$_COOKIE=array (
  'PHPSESSID' => '6af56dce90f3921d685c91f8bf244124',
  '__utma' => '56422840.1155335452.1358091878.1358091878.1358095653.2',
  '__utmb' => '56422840.1.10.1358095653',
  '__utmc' => '56422840',
  '__utmz' => '56422840.1358095653.2.2.utmcsr=mail.yandex.ru|utmccn=(referral)|utmcmd=referral|utmcct=/neo2/',
)
2013/01/13 16:48:02 [info] [application.modules.user] [3184a92d2276a99ffc773ca66913e797][seroni][140] User seroni91@yandex.ru authorized!
in /nfs/c09/h01/mnt/130213/domains/bettime.info/html/protected/modules/user/controllers/account/LoginAction.php (18)
in /nfs/c09/h01/mnt/130213/domains/bettime.info/html/index.php (11)
2013/01/13 18:17:40 [info] [application] $_COOKIE=array (
  'PHPSESSID' => '2283c9322df4fec1079440c5e8f16df6',
  '__utma' => '56422840.60618596.1357825582.1358092245.1358101060.28',
  '__utmb' => '56422840.1.10.1358101060',
  '__utmc' => '56422840',
  '__utmz' => '56422840.1357825582.1.1.utmcsr=(direct)|utmccn=(direct)|utmcmd=(none)',
)
2013/01/13 18:17:40 [error] [exception.CHttpException.404] exception 'CHttpException' with message 'Unable to resolve the request "themes/nsystems/images/default_avatar_100.png".' in /nfs/c09/h01/mnt/130213/domains/bettime.info/html/framework/web/CWebApplication.php:280
Stack trace:
#0 /nfs/c09/h01/mnt/130213/domains/bettime.info/html/framework/web/CWebApplication.php(135): CWebApplication->runController('themes/nsystems...')
#1 /nfs/c09/h01/mnt/130213/domains/bettime.info/html/framework/base/CApplication.php(162): CWebApplication->processRequest()
#2 /nfs/c09/h01/mnt/130213/domains/bettime.info/html/index.php(11): CApplication->run()
#3 {main}
REQUEST_URI=/themes/nsystems/images/default_avatar_100.png
HTTP_REFERER=http://bettime.info/user/people/admin
---
2013/01/13 18:17:45 [info] [application] [Guest][] User: Guest (ID: )

$_COOKIE=array (
  'PHPSESSID' => '2283c9322df4fec1079440c5e8f16df6',
  '__utma' => '56422840.60618596.1357825582.1358092245.1358101060.28',
  '__utmb' => '56422840.2.10.1358101060',
  '__utmc' => '56422840',
  '__utmz' => '56422840.1357825582.1.1.utmcsr=(direct)|utmccn=(direct)|utmcmd=(none)',
)
2013/01/13 18:17:46 [info] [application.modules.user] [Guest][] User admin logged out!
in /nfs/c09/h01/mnt/130213/domains/bettime.info/html/protected/modules/user/controllers/account/LogOutAction.php (10)
in /nfs/c09/h01/mnt/130213/domains/bettime.info/html/index.php (11)
2013/01/13 20:34:00 [info] [application] [4137a789478d7c5a4601ae6599d0470f][timlord22][131] User: timlord22 (ID: 131)

$_POST=array (
  'LoginForm' => 
  array (
    'email' => 'lord.tim.22@gmail.com',
    'password' => '32043204',
  ),
  'yt0' => 'Sign in',
)

$_COOKIE=array (
  'PHPSESSID' => '2c8c1980161baa795da9882b92041b31',
  '__utma' => '56422840.270999799.1356908824.1358093176.1358109169.20',
  '__utmb' => '56422840.2.10.1358109169',
  '__utmc' => '56422840',
  '__utmz' => '56422840.1358109169.20.20.utmcsr=website.informer.com|utmccn=(referral)|utmcmd=referral|utmcct=/visit',
)
2013/01/13 20:34:00 [info] [application.modules.user] [4137a789478d7c5a4601ae6599d0470f][timlord22][131] User lord.tim.22@gmail.com authorized!
in /nfs/c09/h01/mnt/130213/domains/bettime.info/html/protected/modules/user/controllers/account/LoginAction.php (18)
in /nfs/c09/h01/mnt/130213/domains/bettime.info/html/index.php (11)
2013/01/13 21:12:46 [info] [application] [1f9a56f706df3f9c7074d3e7d34d3b2e][Guest][] User: Guest (ID: )

$_POST=array (
  'RegistrationForm' => 
  array (
    'nick_name' => 'oakkar',
    'email' => 'oakkar2005@gmail.com',
    'password' => '17171717',
    'cPassword' => '17171717',
    'verifyCode' => 'yuvaee',
  ),
  'yt0' => 'Register free now!',
)

$_COOKIE=array (
  'PHPSESSID' => '1f9a56f706df3f9c7074d3e7d34d3b2e',
  '__utma' => '56422840.433842640.1358111015.1358111015.1358111015.1',
  '__utmb' => '56422840.10.10.1358111015',
  '__utmc' => '56422840',
  '__utmz' => '56422840.1358111015.1.1.utmcsr=google|utmccn=(organic)|utmcmd=organic|utmctr=(not provided)',
)
2013/01/13 21:12:47 [info] [application.modules.user] [1f9a56f706df3f9c7074d3e7d34d3b2e][Guest][] A new account created: oakkar without activation!
in /nfs/c09/h01/mnt/130213/domains/bettime.info/html/protected/modules/user/controllers/account/RegistrationAction.php (89)
in /nfs/c09/h01/mnt/130213/domains/bettime.info/html/index.php (11)
2013/01/13 21:13:06 [error] [exception.CHttpException.404] exception 'CHttpException' with message 'Unable to resolve the request "pages".' in /nfs/c09/h01/mnt/130213/domains/bettime.info/html/framework/web/CWebApplication.php:280
Stack trace:
#0 /nfs/c09/h01/mnt/130213/domains/bettime.info/html/framework/web/CWebApplication.php(135): CWebApplication->runController('pages')
#1 /nfs/c09/h01/mnt/130213/domains/bettime.info/html/framework/base/CApplication.php(162): CWebApplication->processRequest()
#2 /nfs/c09/h01/mnt/130213/domains/bettime.info/html/index.php(11): CApplication->run()
#3 {main}
REQUEST_URI=/index.php/pages/
HTTP_REFERER=http://bettime.info/index.php/pages/
---
2013/01/13 21:13:45 [info] [application] [bfb777990e471c237f1c85de3ae4777b][oakkar][141] User: oakkar (ID: 141)

$_POST=array (
  'LoginForm' => 
  array (
    'email' => 'oakkar2005@gmail.com',
    'password' => '17171717',
  ),
  'yt0' => 'Sign in',
)

$_COOKIE=array (
  'PHPSESSID' => '1f9a56f706df3f9c7074d3e7d34d3b2e',
  '__utma' => '56422840.433842640.1358111015.1358111015.1358111015.1',
  '__utmb' => '56422840.14.10.1358111015',
  '__utmc' => '56422840',
  '__utmz' => '56422840.1358111015.1.1.utmcsr=google|utmccn=(organic)|utmcmd=organic|utmctr=(not provided)',
)
2013/01/13 21:13:48 [info] [application.modules.user] [bfb777990e471c237f1c85de3ae4777b][oakkar][141] User oakkar2005@gmail.com authorized!
in /nfs/c09/h01/mnt/130213/domains/bettime.info/html/protected/modules/user/controllers/account/LoginAction.php (18)
in /nfs/c09/h01/mnt/130213/domains/bettime.info/html/index.php (11)
2013/01/14 02:38:08 [info] [application] [dba75b1d91dc7b5007509aa56b8633c3][admin][83] User: admin (ID: 83)

$_POST=array (
  'LoginForm' => 
  array (
    'email' => 'admin@admin.ru',
    'password' => 'gbp13ltw',
  ),
  'yt0' => 'Sign in',
)

$_COOKIE=array (
  'PHPSESSID' => '2283c9322df4fec1079440c5e8f16df6',
  '__utma' => '56422840.60618596.1357825582.1358101060.1358130203.29',
  '__utmb' => '56422840.1.10.1358130203',
  '__utmc' => '56422840',
  '__utmz' => '56422840.1357825582.1.1.utmcsr=(direct)|utmccn=(direct)|utmcmd=(none)',
)
2013/01/14 02:38:08 [info] [application.modules.user] [dba75b1d91dc7b5007509aa56b8633c3][admin][83] User admin@admin.ru authorized!
in /nfs/c09/h01/mnt/130213/domains/bettime.info/html/protected/modules/user/controllers/account/LoginAction.php (18)
in /nfs/c09/h01/mnt/130213/domains/bettime.info/html/index.php (11)
2013/01/14 03:12:18 [info] [application] [Guest][] User: Guest (ID: )

$_COOKIE=array (
  'PHPSESSID' => 'dba75b1d91dc7b5007509aa56b8633c3',
  '__utma' => '56422840.60618596.1357825582.1358101060.1358130203.29',
  '__utmb' => '56422840.8.10.1358130203',
  '__utmc' => '56422840',
  '__utmz' => '56422840.1357825582.1.1.utmcsr=(direct)|utmccn=(direct)|utmcmd=(none)',
)
2013/01/14 03:12:18 [info] [application.modules.user] [Guest][] User admin logged out!
in /nfs/c09/h01/mnt/130213/domains/bettime.info/html/protected/modules/user/controllers/account/LogOutAction.php (10)
in /nfs/c09/h01/mnt/130213/domains/bettime.info/html/index.php (11)
2013/01/14 05:15:45 [info] [application] [d0b3c9a7783a35311f173bfb2791a2cb][ishutic][139] User: ishutic (ID: 139)

$_POST=array (
  'LoginForm' => 
  array (
    'email' => 'ishutic@yahoo.com',
    'password' => '170668',
  ),
  'yt0' => 'Войти',
)

$_COOKIE=array (
  'PHPSESSID' => '1373edbfd67ab6992408d69fd7f4ff50',
  '__utma' => '56422840.667074675.1358074818.1358075449.1358140509.3',
  '__utmb' => '56422840.2.10.1358140509',
  '__utmc' => '56422840',
  '__utmz' => '56422840.1358075449.2.2.utmgclid=CMnM5qSZ5bQCFY94cAodUyoAjA|utmccn=(not set)|utmcmd=(not set)',
)
2013/01/14 05:15:45 [info] [application.modules.user] [d0b3c9a7783a35311f173bfb2791a2cb][ishutic][139] User ishutic@yahoo.com authorized!
in /nfs/c09/h01/mnt/130213/domains/bettime.info/html/protected/modules/user/controllers/account/LoginAction.php (18)
in /nfs/c09/h01/mnt/130213/domains/bettime.info/html/index.php (11)
2013/01/14 06:18:56 [info] [application] [1052e7c89c0dc094c67d8650c2f97796][josseweb][120] User: josseweb (ID: 120)

$_POST=array (
  'LoginForm' => 
  array (
    'email' => 'josseymaria@yahoo.es',
    'password' => 'macario',
  ),
  'yt0' => 'Sign in',
)

$_COOKIE=array (
  '__utma' => '56422840.383193259.1357886621.1358067402.1358144295.3',
  '__utmz' => '56422840.1357886621.1.1.utmcsr=(direct)|utmccn=(direct)|utmcmd=(none)',
  'PHPSESSID' => 'c28d9743d6cd8e365b89e8a7e1d8f506',
  '__utmb' => '56422840.3.10.1358144295',
  '__utmc' => '56422840',
)
2013/01/14 06:18:57 [info] [application.modules.user] [1052e7c89c0dc094c67d8650c2f97796][josseweb][120] User josseymaria@yahoo.es authorized!
in /nfs/c09/h01/mnt/130213/domains/bettime.info/html/protected/modules/user/controllers/account/LoginAction.php (18)
in /nfs/c09/h01/mnt/130213/domains/bettime.info/html/index.php (11)
2013/01/14 06:41:43 [info] [application] [dee564320050d060ed7f507c9652d5b4][admin][83] User: admin (ID: 83)

$_POST=array (
  'LoginForm' => 
  array (
    'email' => 'admin@admin.ru',
    'password' => 'gbp13ltw',
  ),
  'yt0' => 'Sign in',
)

$_COOKIE=array (
  'PHPSESSID' => 'dba75b1d91dc7b5007509aa56b8633c3',
  '__utma' => '56422840.60618596.1357825582.1358139119.1358145430.31',
  '__utmb' => '56422840.2.10.1358145430',
  '__utmc' => '56422840',
  '__utmz' => '56422840.1357825582.1.1.utmcsr=(direct)|utmccn=(direct)|utmcmd=(none)',
)
2013/01/14 06:41:43 [info] [application.modules.user] [dee564320050d060ed7f507c9652d5b4][admin][83] User admin@admin.ru authorized!
in /nfs/c09/h01/mnt/130213/domains/bettime.info/html/protected/modules/user/controllers/account/LoginAction.php (18)
in /nfs/c09/h01/mnt/130213/domains/bettime.info/html/index.php (11)
2013/01/14 09:48:24 [info] [application] [aafda9b4a28ff3a97c5d12a094067e00][timlord22][131] User: timlord22 (ID: 131)

$_POST=array (
  'LoginForm' => 
  array (
    'email' => 'lord.tim.22@gmail.com',
    'password' => '32043204',
  ),
  'yt0' => 'Sign in',
)

$_COOKIE=array (
  'PHPSESSID' => '5d3718f1fcfb9ba08c1a8c21429e81af',
  '__utma' => '56422840.270999799.1356908824.1358109169.1358156827.21',
  '__utmb' => '56422840.2.10.1358156827',
  '__utmc' => '56422840',
  '__utmz' => '56422840.1358156827.21.21.utmcsr=website.informer.com|utmccn=(referral)|utmcmd=referral|utmcct=/visit',
)
2013/01/14 09:48:24 [info] [application.modules.user] [aafda9b4a28ff3a97c5d12a094067e00][timlord22][131] User lord.tim.22@gmail.com authorized!
in /nfs/c09/h01/mnt/130213/domains/bettime.info/html/protected/modules/user/controllers/account/LoginAction.php (18)
in /nfs/c09/h01/mnt/130213/domains/bettime.info/html/index.php (11)
2013/01/14 10:43:38 [info] [application] [5baa8478ea63abf75366c040a6f5e8b2][timlord22][131] User: timlord22 (ID: 131)

$_POST=array (
  'LoginForm' => 
  array (
    'email' => 'lord.tim.22@gmail.com',
    'password' => '32043204',
  ),
  'yt0' => 'Sign in',
)

$_COOKIE=array (
  'PHPSESSID' => 'aafda9b4a28ff3a97c5d12a094067e00',
  '__utma' => '56422840.270999799.1356908824.1358156827.1358160174.22',
  '__utmb' => '56422840.2.10.1358160174',
  '__utmc' => '56422840',
  '__utmz' => '56422840.1358160174.22.22.utmcsr=website.informer.com|utmccn=(referral)|utmcmd=referral|utmcct=/visit',
)
2013/01/14 10:43:38 [info] [application.modules.user] [5baa8478ea63abf75366c040a6f5e8b2][timlord22][131] User lord.tim.22@gmail.com authorized!
in /nfs/c09/h01/mnt/130213/domains/bettime.info/html/protected/modules/user/controllers/account/LoginAction.php (18)
in /nfs/c09/h01/mnt/130213/domains/bettime.info/html/index.php (11)
2013/01/14 15:23:41 [info] [application] [5d3dc06100dacbd1291fa1b861cffe14][timlord22][131] User: timlord22 (ID: 131)

$_POST=array (
  'LoginForm' => 
  array (
    'email' => 'lord.tim.22@gmail.com',
    'password' => '32043204',
  ),
  'yt0' => 'Sign in',
)

$_COOKIE=array (
  'PHPSESSID' => '7922ca00cd488777ae75eeea529827d7',
  '__utma' => '56422840.861311859.1357125281.1358073816.1358176826.23',
  '__utmb' => '56422840.2.10.1358176826',
  '__utmc' => '56422840',
  '__utmz' => '56422840.1358176826.23.23.utmcsr=website.informer.com|utmccn=(referral)|utmcmd=referral|utmcct=/visit',
)
2013/01/14 15:23:42 [info] [application.modules.user] [5d3dc06100dacbd1291fa1b861cffe14][timlord22][131] User lord.tim.22@gmail.com authorized!
in /nfs/c09/h01/mnt/130213/domains/bettime.info/html/protected/modules/user/controllers/account/LoginAction.php (18)
in /nfs/c09/h01/mnt/130213/domains/bettime.info/html/index.php (11)
2013/01/14 15:57:37 [info] [application] [576f7ff9731c20f68a0aae80a66b0e88][ishutic][139] User: ishutic (ID: 139)

$_POST=array (
  'LoginForm' => 
  array (
    'email' => 'ishutic@yahoo.com',
    'password' => '170668',
  ),
  'yt0' => 'Sign in',
)

$_COOKIE=array (
  'PHPSESSID' => '7ee76f9603f88f05efd9f2b24061ea91',
  '__utma' => '56422840.667074675.1358074818.1358159681.1358178976.6',
  '__utmb' => '56422840.4.10.1358178976',
  '__utmc' => '56422840',
  '__utmz' => '56422840.1358075449.2.2.utmgclid=CMnM5qSZ5bQCFY94cAodUyoAjA|utmccn=(not set)|utmcmd=(not set)',
)
2013/01/14 15:57:44 [info] [application.modules.user] [576f7ff9731c20f68a0aae80a66b0e88][ishutic][139] User ishutic@yahoo.com authorized!
in /nfs/c09/h01/mnt/130213/domains/bettime.info/html/protected/modules/user/controllers/account/LoginAction.php (18)
in /nfs/c09/h01/mnt/130213/domains/bettime.info/html/index.php (11)
2013/01/14 16:35:42 [info] [application] [9b47996aa8137e6058e15a4510a0b27a][josseweb][120] User: josseweb (ID: 120)

$_POST=array (
  'LoginForm' => 
  array (
    'email' => 'josseymaria@yahoo.es',
    'password' => 'macario',
  ),
  'yt0' => 'Sign in',
)

$_COOKIE=array (
  '__utma' => '56422840.1247932404.1357218132.1357990689.1358181369.9',
  '__utmz' => '56422840.1357218132.1.1.utmcsr=(direct)|utmccn=(direct)|utmcmd=(none)',
  'PHPSESSID' => '1f353a851f7e01754eb95d80c88caa23',
  '__utmb' => '56422840.2.10.1358181369',
  '__utmc' => '56422840',
)
2013/01/14 16:35:42 [info] [application.modules.user] [9b47996aa8137e6058e15a4510a0b27a][josseweb][120] User josseymaria@yahoo.es authorized!
in /nfs/c09/h01/mnt/130213/domains/bettime.info/html/protected/modules/user/controllers/account/LoginAction.php (18)
in /nfs/c09/h01/mnt/130213/domains/bettime.info/html/index.php (11)
2013/01/14 16:40:58 [info] [application] [7a69791e6d07bd0f6876b6f15d30a83c][Aleha][134] User: Aleha (ID: 134)

$_POST=array (
  'LoginForm' => 
  array (
    'email' => 'junior3045@mail.ru',
    'password' => 'qmgf64ruv',
  ),
  'yt0' => 'Sign in',
)

$_COOKIE=array (
  '__utma' => '56422840.275528627.1357835152.1357838865.1358185097.3',
  '__utmz' => '56422840.1357838865.2.2.utmgclid=CK7G-MSa3rQCFUh2cAodF2wAXw|utmccn=(not set)|utmcmd=(not set)',
  'PHPSESSID' => '1886bf539b1c58d4c5ce7b60b967949b',
  '__utmb' => '56422840.6.10.1358185097',
  '__utmc' => '56422840',
)
2013/01/14 16:41:02 [info] [application.modules.user] [7a69791e6d07bd0f6876b6f15d30a83c][Aleha][134] User junior3045@mail.ru authorized!
in /nfs/c09/h01/mnt/130213/domains/bettime.info/html/protected/modules/user/controllers/account/LoginAction.php (18)
in /nfs/c09/h01/mnt/130213/domains/bettime.info/html/index.php (11)
2013/01/15 03:46:15 [info] [application] [dee564320050d060ed7f507c9652d5b4][Guest][] User: Guest (ID: )

$_POST=array (
  'LoginForm' => 
  array (
    'email' => 'admin@admin.ru',
    'password' => 'пиз13дец',
  ),
  'yt0' => 'Sign in',
)

$_COOKIE=array (
  'PHPSESSID' => 'dee564320050d060ed7f507c9652d5b4',
  '__utma' => '56422840.60618596.1357825582.1358188809.1358219850.35',
  '__utmb' => '56422840.1.10.1358219850',
  '__utmc' => '56422840',
  '__utmz' => '56422840.1357825582.1.1.utmcsr=(direct)|utmccn=(direct)|utmcmd=(none)',
)
2013/01/15 03:46:16 [error] [application.modules.user] [dee564320050d060ed7f507c9652d5b4][Guest][] Authorization error! email => admin@admin.ru, Password => пиз13дец!
in /nfs/c09/h01/mnt/130213/domains/bettime.info/html/protected/modules/user/controllers/account/LoginAction.php (27)
in /nfs/c09/h01/mnt/130213/domains/bettime.info/html/index.php (11)
2013/01/15 03:46:29 [info] [application] [d1ba0ae20f4bfb5c0003335beb56a10e][admin][83] User: admin (ID: 83)

$_POST=array (
  'LoginForm' => 
  array (
    'email' => 'admin@admin.ru',
    'password' => 'gbp13ltw',
  ),
  'yt0' => 'Sign in',
)

$_COOKIE=array (
  'PHPSESSID' => 'dee564320050d060ed7f507c9652d5b4',
  '__utma' => '56422840.60618596.1357825582.1358188809.1358219850.35',
  '__utmb' => '56422840.2.10.1358219850',
  '__utmc' => '56422840',
  '__utmz' => '56422840.1357825582.1.1.utmcsr=(direct)|utmccn=(direct)|utmcmd=(none)',
)
2013/01/15 03:46:29 [info] [application.modules.user] [d1ba0ae20f4bfb5c0003335beb56a10e][admin][83] User admin@admin.ru authorized!
in /nfs/c09/h01/mnt/130213/domains/bettime.info/html/protected/modules/user/controllers/account/LoginAction.php (18)
in /nfs/c09/h01/mnt/130213/domains/bettime.info/html/index.php (11)
2013/01/15 06:50:13 [info] [application] [08bde013329f48bb1bc9ba1cf3f9fca5][timlord22][131] User: timlord22 (ID: 131)

$_POST=array (
  'LoginForm' => 
  array (
    'email' => 'lord.tim.22@gmail.com',
    'password' => '32043204',
  ),
  'yt0' => 'Sign in',
)

$_COOKIE=array (
  'PHPSESSID' => '46d74e6d45bab2324c96f9843c9ee1a7',
  '__utma' => '56422840.270999799.1356908824.1358160174.1358232529.23',
  '__utmb' => '56422840.2.10.1358232529',
  '__utmc' => '56422840',
  '__utmz' => '56422840.1358232529.23.23.utmcsr=website.informer.com|utmccn=(referral)|utmcmd=referral|utmcct=/visit',
)
2013/01/15 06:50:14 [info] [application.modules.user] [08bde013329f48bb1bc9ba1cf3f9fca5][timlord22][131] User lord.tim.22@gmail.com authorized!
in /nfs/c09/h01/mnt/130213/domains/bettime.info/html/protected/modules/user/controllers/account/LoginAction.php (18)
in /nfs/c09/h01/mnt/130213/domains/bettime.info/html/index.php (11)
2013/01/15 08:15:01 [info] [application] [32f8beb444a094ea7d888ce09f70d573][josseweb][120] User: josseweb (ID: 120)

$_POST=array (
  'LoginForm' => 
  array (
    'email' => 'josseymaria@yahoo.es',
    'password' => 'macario',
  ),
  'yt0' => 'Sign in',
)

$_COOKIE=array (
  'PHPSESSID' => '1ce36a465b07110cc80b310e8dd8168e',
  '__utma' => '56422840.1553368438.1358237680.1358237680.1358237680.1',
  '__utmb' => '56422840.2.10.1358237680',
  '__utmc' => '56422840',
  '__utmz' => '56422840.1358237680.1.1.utmcsr=(direct)|utmccn=(direct)|utmcmd=(none)',
)
2013/01/15 08:15:02 [info] [application.modules.user] [32f8beb444a094ea7d888ce09f70d573][josseweb][120] User josseymaria@yahoo.es authorized!
in /nfs/c09/h01/mnt/130213/domains/bettime.info/html/protected/modules/user/controllers/account/LoginAction.php (18)
in /nfs/c09/h01/mnt/130213/domains/bettime.info/html/index.php (11)
2013/01/15 08:31:04 [info] [application] [ddd4ccd95114f6b3db938d984ba514b9][admin][83] User: admin (ID: 83)

$_POST=array (
  'LoginForm' => 
  array (
    'email' => 'admin@admin.ru',
    'password' => 'gbp13ltw',
  ),
  'yt0' => 'Sign in',
)

$_COOKIE=array (
  'PHPSESSID' => 'd1ba0ae20f4bfb5c0003335beb56a10e',
  '__utma' => '56422840.60618596.1357825582.1358219850.1358238660.36',
  '__utmb' => '56422840.5.10.1358238660',
  '__utmc' => '56422840',
  '__utmz' => '56422840.1357825582.1.1.utmcsr=(direct)|utmccn=(direct)|utmcmd=(none)',
)
2013/01/15 08:31:04 [info] [application.modules.user] [ddd4ccd95114f6b3db938d984ba514b9][admin][83] User admin@admin.ru authorized!
in /nfs/c09/h01/mnt/130213/domains/bettime.info/html/protected/modules/user/controllers/account/LoginAction.php (18)
in /nfs/c09/h01/mnt/130213/domains/bettime.info/html/index.php (11)
2013/01/15 01:20:32 [info] [application] [a2dd0e5b95bbc76188cabe7e8ba2d6c6][timlord22][131] User: timlord22 (ID: 131)

$_POST=array (
  'LoginForm' => 
  array (
    'email' => 'lord.tim.22@gmail.com',
    'password' => '32043204',
  ),
  'yt0' => 'Sign in',
)

$_COOKIE=array (
  'PHPSESSID' => '37d2da70f8f8c5cde65e62c02dd3c454',
  '__utma' => '56422840.270999799.1356908824.1358232529.1358241570.24',
  '__utmb' => '56422840.2.10.1358241570',
  '__utmc' => '56422840',
  '__utmz' => '56422840.1358241570.24.24.utmcsr=website.informer.com|utmccn=(referral)|utmcmd=referral|utmcct=/visit',
)
2013/01/15 01:20:32 [info] [application.modules.user] [a2dd0e5b95bbc76188cabe7e8ba2d6c6][timlord22][131] User lord.tim.22@gmail.com authorized!
in /nfs/c09/h01/mnt/130213/domains/bettime.info/html/protected/modules/user/controllers/account/LoginAction.php (18)
in /nfs/c09/h01/mnt/130213/domains/bettime.info/html/index.php (11)
2013/01/15 15:11:12 [info] [application] [26de587bb00f195420d8dcb8fae366b7][josseweb][120] User: josseweb (ID: 120)

$_POST=array (
  'LoginForm' => 
  array (
    'email' => 'josseymaria@yahoo.es',
    'password' => 'macario',
  ),
  'yt0' => 'Sign in',
)

$_COOKIE=array (
  'PHPSESSID' => '78f28961b54dc5e2fd7309000b91ba95',
  '__utma' => '56422840.1808593857.1357134066.1357134066.1358262640.2',
  '__utmb' => '56422840.2.10.1358262640',
  '__utmc' => '56422840',
  '__utmz' => '56422840.1357134066.1.1.utmcsr=(direct)|utmccn=(direct)|utmcmd=(none)',
)
2013/01/15 15:11:13 [info] [application.modules.user] [26de587bb00f195420d8dcb8fae366b7][josseweb][120] User josseymaria@yahoo.es authorized!
in /nfs/c09/h01/mnt/130213/domains/bettime.info/html/protected/modules/user/controllers/account/LoginAction.php (18)
in /nfs/c09/h01/mnt/130213/domains/bettime.info/html/index.php (11)
2013/01/15 17:03:59 [info] [application] [3f1e44125c3e4d5d79679e8c25de3f58][ishutic][139] User: ishutic (ID: 139)

$_POST=array (
  'LoginForm' => 
  array (
    'email' => 'ishutic@yahoo.com',
    'password' => '170668',
  ),
  'yt0' => 'Sign in',
)

$_COOKIE=array (
  'PHPSESSID' => 'd2f4ed8f879763173e5002fd09fa3eec',
  '__utma' => '56422840.667074675.1358074818.1358182327.1358269419.8',
  '__utmb' => '56422840.3.10.1358269419',
  '__utmc' => '56422840',
  '__utmz' => '56422840.1358075449.2.2.utmgclid=CMnM5qSZ5bQCFY94cAodUyoAjA|utmccn=(not set)|utmcmd=(not set)',
)
2013/01/15 17:04:00 [info] [application.modules.user] [3f1e44125c3e4d5d79679e8c25de3f58][ishutic][139] User ishutic@yahoo.com authorized!
in /nfs/c09/h01/mnt/130213/domains/bettime.info/html/protected/modules/user/controllers/account/LoginAction.php (18)
in /nfs/c09/h01/mnt/130213/domains/bettime.info/html/index.php (11)
2013/01/15 17:33:15 [info] [application] [c753bbbbfc7487258cbbc38f74c68934][timlord22][131] User: timlord22 (ID: 131)

$_POST=array (
  'LoginForm' => 
  array (
    'email' => 'lord.tim.22@gmail.com',
    'password' => '32043204',
  ),
  'yt0' => 'Sign in',
)

$_COOKIE=array (
  'PHPSESSID' => '381d6d52700d4bcd80956fd6b6a1a8b9',
  '__utma' => '56422840.270999799.1356908824.1358241570.1358271031.25',
  '__utmb' => '56422840.2.10.1358271031',
  '__utmc' => '56422840',
  '__utmz' => '56422840.1358271031.25.25.utmcsr=website.informer.com|utmccn=(referral)|utmcmd=referral|utmcct=/visit',
)
2013/01/15 17:33:16 [info] [application.modules.user] [c753bbbbfc7487258cbbc38f74c68934][timlord22][131] User lord.tim.22@gmail.com authorized!
in /nfs/c09/h01/mnt/130213/domains/bettime.info/html/protected/modules/user/controllers/account/LoginAction.php (18)
in /nfs/c09/h01/mnt/130213/domains/bettime.info/html/index.php (11)
2013/01/16 02:35:22 [error] [exception.CHttpException.404] exception 'CHttpException' with message 'Unable to resolve the request "assets/ad999a2c/css/bootstrap-yii.css".' in /nfs/c09/h01/mnt/130213/domains/bettime.info/html/framework/web/CWebApplication.php:280
Stack trace:
#0 /nfs/c09/h01/mnt/130213/domains/bettime.info/html/framework/web/CWebApplication.php(135): CWebApplication->runController('assets/ad999a2c...')
#1 /nfs/c09/h01/mnt/130213/domains/bettime.info/html/framework/base/CApplication.php(162): CWebApplication->processRequest()
#2 /nfs/c09/h01/mnt/130213/domains/bettime.info/html/index.php(11): CApplication->run()
#3 {main}
REQUEST_URI=/assets/ad999a2c/css/bootstrap-yii.css
---
2013/01/16 03:12:25 [info] [application] [ddd4ccd95114f6b3db938d984ba514b9][Guest][] User: Guest (ID: )

$_POST=array (
  'LoginForm' => 
  array (
    'email' => 'admin@admin.ru',
    'password' => '-gbp13ltw',
  ),
  'yt0' => 'Sign in',
)

$_COOKIE=array (
  'PHPSESSID' => 'ddd4ccd95114f6b3db938d984ba514b9',
  '__utma' => '56422840.60618596.1357825582.1358242877.1358305923.39',
  '__utmb' => '56422840.1.10.1358305923',
  '__utmc' => '56422840',
  '__utmz' => '56422840.1357825582.1.1.utmcsr=(direct)|utmccn=(direct)|utmcmd=(none)',
)
2013/01/16 03:12:25 [error] [application.modules.user] [ddd4ccd95114f6b3db938d984ba514b9][Guest][] Authorization error! email => admin@admin.ru, Password => -gbp13ltw!
in /nfs/c09/h01/mnt/130213/domains/bettime.info/html/protected/modules/user/controllers/account/LoginAction.php (27)
in /nfs/c09/h01/mnt/130213/domains/bettime.info/html/index.php (11)
2013/01/16 03:12:37 [info] [application] [7a7c8030788e0bb84b42ac041222844d][admin][83] User: admin (ID: 83)

$_POST=array (
  'LoginForm' => 
  array (
    'email' => 'admin@admin.ru',
    'password' => 'gbp13ltw',
  ),
  'yt0' => 'Sign in',
)

$_COOKIE=array (
  'PHPSESSID' => 'ddd4ccd95114f6b3db938d984ba514b9',
  '__utma' => '56422840.60618596.1357825582.1358242877.1358305923.39',
  '__utmb' => '56422840.2.10.1358305923',
  '__utmc' => '56422840',
  '__utmz' => '56422840.1357825582.1.1.utmcsr=(direct)|utmccn=(direct)|utmcmd=(none)',
)
2013/01/16 03:12:37 [info] [application.modules.user] [7a7c8030788e0bb84b42ac041222844d][admin][83] User admin@admin.ru authorized!
in /nfs/c09/h01/mnt/130213/domains/bettime.info/html/protected/modules/user/controllers/account/LoginAction.php (18)
in /nfs/c09/h01/mnt/130213/domains/bettime.info/html/index.php (11)
2013/01/16 09:11:42 [info] [application] [3c35d0694d490c281888454986d0e057][admin][83] User: admin (ID: 83)

$_POST=array (
  'LoginForm' => 
  array (
    'email' => 'admin@admin.ru',
    'password' => 'gbp13ltw',
  ),
  'yt0' => 'Sign in',
)

$_COOKIE=array (
  'PHPSESSID' => '7a7c8030788e0bb84b42ac041222844d',
  '__utma' => '56422840.60618596.1357825582.1358322636.1358326172.43',
  '__utmb' => '56422840.1.10.1358326172',
  '__utmc' => '56422840',
  '__utmz' => '56422840.1357825582.1.1.utmcsr=(direct)|utmccn=(direct)|utmcmd=(none)',
)
2013/01/16 09:11:43 [info] [application.modules.user] [3c35d0694d490c281888454986d0e057][admin][83] User admin@admin.ru authorized!
in /nfs/c09/h01/mnt/130213/domains/bettime.info/html/protected/modules/user/controllers/account/LoginAction.php (18)
in /nfs/c09/h01/mnt/130213/domains/bettime.info/html/index.php (11)
2013/01/16 13:53:23 [info] [application] [4365691841d4911e5eeb8efd0e768dc9][timlord22][131] User: timlord22 (ID: 131)

$_POST=array (
  'LoginForm' => 
  array (
    'email' => 'lord.tim.22@gmail.com',
    'password' => '32043204',
  ),
  'yt0' => 'Sign in',
)

$_COOKIE=array (
  'PHPSESSID' => 'd78154ba7a5b2a1f14b4fae8311c88e2',
  '__utma' => '56422840.270999799.1356908824.1358324486.1358344293.27',
  '__utmb' => '56422840.2.10.1358344293',
  '__utmc' => '56422840',
  '__utmz' => '56422840.1358344293.27.27.utmcsr=website.informer.com|utmccn=(referral)|utmcmd=referral|utmcct=/visit',
)
2013/01/16 13:53:24 [info] [application.modules.user] [4365691841d4911e5eeb8efd0e768dc9][timlord22][131] User lord.tim.22@gmail.com authorized!
in /nfs/c09/h01/mnt/130213/domains/bettime.info/html/protected/modules/user/controllers/account/LoginAction.php (18)
in /nfs/c09/h01/mnt/130213/domains/bettime.info/html/index.php (11)
2013/01/16 17:28:43 [info] [application] [a1c9c9d4a3a3885f8ad47dfd152618d0][josseweb][120] User: josseweb (ID: 120)

$_POST=array (
  'LoginForm' => 
  array (
    'email' => 'josseymaria@yahoo.es',
    'password' => 'macario',
  ),
  'yt0' => 'Sign in',
)

$_COOKIE=array (
  'PHPSESSID' => '972f5053a0ef0ffea2a8b1cc9b6c52f4',
  '__utma' => '56422840.663748143.1358357347.1358357347.1358357347.1',
  '__utmb' => '56422840.3.10.1358357347',
  '__utmc' => '56422840',
  '__utmz' => '56422840.1358357347.1.1.utmcsr=(direct)|utmccn=(direct)|utmcmd=(none)',
)
2013/01/16 17:28:44 [info] [application.modules.user] [a1c9c9d4a3a3885f8ad47dfd152618d0][josseweb][120] User josseymaria@yahoo.es authorized!
in /nfs/c09/h01/mnt/130213/domains/bettime.info/html/protected/modules/user/controllers/account/LoginAction.php (18)
in /nfs/c09/h01/mnt/130213/domains/bettime.info/html/index.php (11)
2013/01/16 22:10:07 [info] [application] [b1b7635e42298850e4d0c035cd4beb9c][timlord22][131] User: timlord22 (ID: 131)

$_POST=array (
  'LoginForm' => 
  array (
    'email' => 'lord.tim.22@gmail.com',
    'password' => '32043204',
  ),
  'yt0' => 'Sign in',
)

$_COOKIE=array (
  'PHPSESSID' => '4365691841d4911e5eeb8efd0e768dc9',
  '__utma' => '56422840.270999799.1356908824.1358344293.1358374118.28',
  '__utmb' => '56422840.2.10.1358374118',
  '__utmc' => '56422840',
  '__utmz' => '56422840.1358374118.28.28.utmcsr=website.informer.com|utmccn=(referral)|utmcmd=referral|utmcct=/visit',
)
2013/01/16 22:10:07 [info] [application.modules.user] [b1b7635e42298850e4d0c035cd4beb9c][timlord22][131] User lord.tim.22@gmail.com authorized!
in /nfs/c09/h01/mnt/130213/domains/bettime.info/html/protected/modules/user/controllers/account/LoginAction.php (18)
in /nfs/c09/h01/mnt/130213/domains/bettime.info/html/index.php (11)
2013/01/17 05:52:48 [info] [application] [e7dd1eb8d7efe7694fd864e34962e94c][admin][83] User: admin (ID: 83)

$_POST=array (
  'LoginForm' => 
  array (
    'email' => 'admin@admin.ru',
    'password' => 'gbp13ltw',
  ),
  'yt0' => 'Sign in',
)

$_COOKIE=array (
  'PHPSESSID' => '3c35d0694d490c281888454986d0e057',
  '__utma' => '56422840.60618596.1357825582.1358326172.1358401988.44',
  '__utmb' => '56422840.1.10.1358401988',
  '__utmc' => '56422840',
  '__utmz' => '56422840.1357825582.1.1.utmcsr=(direct)|utmccn=(direct)|utmcmd=(none)',
)
2013/01/17 05:52:48 [info] [application.modules.user] [e7dd1eb8d7efe7694fd864e34962e94c][admin][83] User admin@admin.ru authorized!
in /nfs/c09/h01/mnt/130213/domains/bettime.info/html/protected/modules/user/controllers/account/LoginAction.php (18)
in /nfs/c09/h01/mnt/130213/domains/bettime.info/html/index.php (11)
2013/01/17 10:12:46 [info] [application] [3f1231d6908dd579f366576b38a51bd8][timlord22][131] User: timlord22 (ID: 131)

$_POST=array (
  'LoginForm' => 
  array (
    'email' => 'lord.tim.22@gmail.com',
    'password' => '32043204',
  ),
  'yt0' => 'Sign in',
)

$_COOKIE=array (
  'PHPSESSID' => '73c2eed82bcf6e687521d03c820b4436',
  '__utma' => '56422840.270999799.1356908824.1358374118.1358417522.29',
  '__utmb' => '56422840.1.10.1358417522',
  '__utmc' => '56422840',
  '__utmz' => '56422840.1358374118.28.28.utmcsr=website.informer.com|utmccn=(referral)|utmcmd=referral|utmcct=/visit',
)
2013/01/17 10:12:47 [info] [application.modules.user] [3f1231d6908dd579f366576b38a51bd8][timlord22][131] User lord.tim.22@gmail.com authorized!
in /nfs/c09/h01/mnt/130213/domains/bettime.info/html/protected/modules/user/controllers/account/LoginAction.php (18)
in /nfs/c09/h01/mnt/130213/domains/bettime.info/html/index.php (11)
2013/01/17 12:38:55 [info] [application] [fa0c64eee6144b8064f644987ff6ded1][josseweb][120] User: josseweb (ID: 120)

$_POST=array (
  'LoginForm' => 
  array (
    'email' => 'josseymaria@yahoo.es',
    'password' => 'macario',
  ),
  'yt0' => 'Sign in',
)

$_COOKIE=array (
  '__utma' => '56422840.1247932404.1357218132.1358181369.1358426337.10',
  '__utmz' => '56422840.1357218132.1.1.utmcsr=(direct)|utmccn=(direct)|utmcmd=(none)',
  'PHPSESSID' => 'eb032572adedb7c70fb2d9cf8ef49036',
  '__utmb' => '56422840.3.10.1358426337',
  '__utmc' => '56422840',
)
2013/01/17 12:38:58 [info] [application.modules.user] [fa0c64eee6144b8064f644987ff6ded1][josseweb][120] User josseymaria@yahoo.es authorized!
in /nfs/c09/h01/mnt/130213/domains/bettime.info/html/protected/modules/user/controllers/account/LoginAction.php (18)
in /nfs/c09/h01/mnt/130213/domains/bettime.info/html/index.php (11)
2013/01/17 18:42:44 [info] [application] [be0b64f8fee490b83c8efd1d822519e9][josseweb][120] User: josseweb (ID: 120)

$_POST=array (
  'LoginForm' => 
  array (
    'email' => 'josseymaria@yahoo.es',
    'password' => 'macario',
  ),
  'yt0' => 'Sign in',
)

$_COOKIE=array (
  'PHPSESSID' => '20ade292ffc3b485e497359c2c1ec17b',
  '__utma' => '56422840.1808593857.1357134066.1358262640.1358448142.3',
  '__utmb' => '56422840.2.10.1358448142',
  '__utmc' => '56422840',
  '__utmz' => '56422840.1357134066.1.1.utmcsr=(direct)|utmccn=(direct)|utmcmd=(none)',
)
2013/01/17 18:42:44 [info] [application.modules.user] [be0b64f8fee490b83c8efd1d822519e9][josseweb][120] User josseymaria@yahoo.es authorized!
in /nfs/c09/h01/mnt/130213/domains/bettime.info/html/protected/modules/user/controllers/account/LoginAction.php (18)
in /nfs/c09/h01/mnt/130213/domains/bettime.info/html/index.php (11)
2013/01/18 05:39:22 [info] [application] [5a02031f3564e5afa67df1d9fbd65942][admin][83] User: admin (ID: 83)

$_POST=array (
  'LoginForm' => 
  array (
    'email' => 'admin@admin.ru',
    'password' => 'gbp13ltw',
  ),
  'yt0' => 'Sign in',
)

$_COOKIE=array (
  'PHPSESSID' => 'e7dd1eb8d7efe7694fd864e34962e94c',
  '__utma' => '56422840.60618596.1357825582.1358437902.1358487534.48',
  '__utmb' => '56422840.2.10.1358487534',
  '__utmc' => '56422840',
  '__utmz' => '56422840.1357825582.1.1.utmcsr=(direct)|utmccn=(direct)|utmcmd=(none)',
)
2013/01/18 05:39:22 [info] [application.modules.user] [5a02031f3564e5afa67df1d9fbd65942][admin][83] User admin@admin.ru authorized!
in /nfs/c09/h01/mnt/130213/domains/bettime.info/html/protected/modules/user/controllers/account/LoginAction.php (18)
in /nfs/c09/h01/mnt/130213/domains/bettime.info/html/index.php (11)
2013/01/18 11:49:49 [info] [application] [5a380d7aa8768228aac5470fd45288bd][timlord22][131] User: timlord22 (ID: 131)

$_POST=array (
  'LoginForm' => 
  array (
    'email' => 'lord.tim.22@gmail.com',
    'password' => '32043204',
  ),
  'yt0' => 'Sign in',
)

$_COOKIE=array (
  'PHPSESSID' => '7cc3eb7afa822a6ef95344e694d3f374',
  '__utma' => '56422840.270999799.1356908824.1358417522.1358509487.30',
  '__utmb' => '56422840.2.10.1358509487',
  '__utmc' => '56422840',
  '__utmz' => '56422840.1358509487.30.29.utmcsr=website.informer.com|utmccn=(referral)|utmcmd=referral|utmcct=/visit',
)
2013/01/18 11:49:49 [info] [application.modules.user] [5a380d7aa8768228aac5470fd45288bd][timlord22][131] User lord.tim.22@gmail.com authorized!
in /nfs/c09/h01/mnt/130213/domains/bettime.info/html/protected/modules/user/controllers/account/LoginAction.php (18)
in /nfs/c09/h01/mnt/130213/domains/bettime.info/html/index.php (11)
