	<footer class="entry-meta">
		<?php
			/* translators: used between list items, there is a space after the comma */
			$tag_list = get_the_tag_list( '', __( ', ', 'twentyeleven' ) );
			if ( '' != $tag_list ) {
				$utility_text = __( 'This entry was posted in %1$s and tagged %2$s. Bookmark the <a href="%3$s" title="Permalink to %4$s" rel="bookmark">permalink</a>.', 'twentyeleven' );
			} else {
				$utility_text = __( 'This entry was posted in %1$s. Bookmark the <a href="%3$s" title="Permalink to %4$s" rel="bookmark">permalink</a>.', 'twentyeleven' );
			}
			printf(
				$utility_text,
				/* translators: used between list items, there is a space after the comma */
				get_the_category_list( __( ', ', 'twentyeleven' ) ),
				$tag_list,
				esc_url( get_permalink() ),
				the_title_attribute( 'echo=0' )
			);
		?>

		<?php edit_post_link( __( 'Edit', 'twentyeleven' ), '<span class="edit-link">', '</span>' ); ?>
	</footer><!-- .entry-meta -->






	<footer class="entry-meta">
    			<?php twentyeleven_posted_on(); ?>
    			<?php if ( comments_open() ) : ?>
    			<span class="sep"> | </span>
    			<span class="comments-link"><?php comments_popup_link( '<span class="leave-reply">' . __( 'Leave a reply', 'twentyeleven' ) . '</span>', __( '<b>1</b> Reply', 'twentyeleven' ), __( '<b>%</b> Replies', 'twentyeleven' ) ); ?></span>
    			<?php endif; ?>
    			<?php edit_post_link( __( 'Edit', 'twentyeleven' ), '<span class="edit-link">', '</span>' ); ?>
    		</footer><!-- #entry-meta -->






    		<footer class="entry-meta">
            			<?php $show_sep = false; ?>
            			<?php
            				/* translators: used between list items, there is a space after the comma */
            				$categories_list = get_the_category_list( __( ', ', 'twentyeleven' ) );
            				if ( $categories_list ):
            			?>
            			<span class="cat-links">
            				<?php printf( __( '<span class="%1$s">Posted in</span> %2$s', 'twentyeleven' ), 'entry-utility-prep entry-utility-prep-cat-links', $categories_list );
            				$show_sep = true; ?>
            			</span>
            			<?php endif; // End if categories ?>
            			<?php
            				/* translators: used between list items, there is a space after the comma */
            				$tags_list = get_the_tag_list( '', __( ', ', 'twentyeleven' ) );
            				if ( $tags_list ):
            				if ( $show_sep ) : ?>
            			<span class="sep"> | </span>
            				<?php endif; // End if $show_sep ?>
            			<span class="tag-links">
            				<?php printf( __( '<span class="%1$s">Tagged</span> %2$s', 'twentyeleven' ), 'entry-utility-prep entry-utility-prep-tag-links', $tags_list );
            				$show_sep = true; ?>
            			</span>
            			<?php endif; // End if $tags_list ?>

            			<?php if ( comments_open() ) : ?>
            			<?php if ( $show_sep ) : ?>
            			<span class="sep"> | </span>
            			<?php endif; // End if $show_sep ?>
            			<span class="comments-link"><?php comments_popup_link( '<span class="leave-reply">' . __( 'Leave a reply', 'twentyeleven' ) . '</span>', __( '<b>1</b> Reply', 'twentyeleven' ), __( '<b>%</b> Replies', 'twentyeleven' ) ); ?></span>
            			<?php endif; // End if comments_open() ?>

            			<?php edit_post_link( __( 'Edit', 'twentyeleven' ), '<span class="edit-link">', '</span>' ); ?>
            		</footer><!-- #entry-meta -->

            		<footer class="entry-meta">
                    			<?php twentyeleven_posted_on(); ?>
                    			<?php if ( comments_open() ) : ?>
                    			<span class="sep"> | </span>
                    			<span class="comments-link"><?php comments_popup_link( '<span class="leave-reply">' . __( 'Leave a reply', 'twentyeleven' ) . '</span>', __( '<b>1</b> Reply', 'twentyeleven' ), __( '<b>%</b> Replies', 'twentyeleven' ) ); ?></span>
                    			<?php endif; ?>
                    			<?php edit_post_link( __( 'Edit', 'twentyeleven' ), '<span class="edit-link">', '</span>' ); ?>
                    		</footer><!-- #entry-meta -->





                    		<div id="site-generator">
                            				<?php do_action( 'twentyeleven_credits' ); ?>
                            				<a href="<?php echo esc_url( __( 'http://wordpress.org/', 'twentyeleven' ) ); ?>" title="<?php esc_attr_e( 'Semantic Personal Publishing Platform', 'twentyeleven' ); ?>" rel="generator"><?php printf( __( 'Proudly powered by %s', 'twentyeleven' ), 'WordPress' ); ?></a>
                            			</div>